proguard/seeds.txt
com.godream.B2C_CatActivity
com.godream.B2C_CatActivity: B2C_CatActivity()
com.godream.HtmlViewActivity
com.godream.HtmlViewActivity: HtmlViewActivity()
com.godream.HtmlViewActivity: void onClick(android.view.View)
com.godream.LandscapeListActivity
com.godream.LandscapeListActivity: LandscapeListActivity()
com.godream.MainActivity
com.godream.MainActivity: MainActivity()
com.godream.MainApplication
com.godream.MainApplication: MainApplication()
com.godream.MainApplication$MyGeneralListener
com.godream.NewUserGuiderActivity
com.godream.NewUserGuiderActivity: NewUserGuiderActivity()
com.godream.RouteMapActivity
com.godream.RouteMapActivity: RouteMapActivity()
com.godream.RouteMapActivity: void findLocation(android.view.View)
com.godream.RouteMapActivity: void findCustomer(android.view.View)
com.godream.RouteMapActivity: void searchLocation(android.view.View)
com.godream.RouteMapActivity: void onClick(android.view.View)
com.godream.RouteMapActivity$MyLocationListener
com.godream.RouteMapActivity$MyMKSearchListener
com.godream.RouteMapActivity$RoutePageChangeListener
com.godream.RouteMapActivity$RouteViewPagerAdapter
com.godream.SuperActivity
com.godream.SuperActivity: SuperActivity()
com.godream.TransitionPageActivity
com.godream.TransitionPageActivity: TransitionPageActivity()
com.godream.TransitionPageActivity: void startbutton(android.view.View)
com.godream.TrivalNoteList
com.godream.TrivalNoteList: TrivalNoteList()
com.godream.WelcomeActivity
com.godream.WelcomeActivity: WelcomeActivity()
com.godream.adapter.BeanAdapter
com.godream.adapter.BeanAdapter: java.util.List mData
com.godream.adapter.BeanAdapter: java.lang.String[] mFrom
com.godream.adapter.BeanAdapter: android.view.LayoutInflater mInflater
com.godream.adapter.BeanAdapter: int mResource
com.godream.adapter.BeanAdapter: int[] mTo
com.godream.adapter.BeanAdapter: int selection
com.godream.adapter.BeanAdapter: android.content.Context context
com.godream.adapter.BeanAdapter: BeanAdapter(android.content.Context,java.util.List,int,java.lang.String[],int[])
com.godream.adapter.BeanAdapter: void bindView(int,android.view.View)
com.godream.adapter.BeanAdapter: void addData(java.util.Collection)
com.godream.adapter.BeanAdapter: int getCount()
com.godream.adapter.BeanAdapter: java.lang.Object getItem(int)
com.godream.adapter.BeanAdapter: long getItemId(int)
com.godream.adapter.BeanAdapter: int getSelection()
com.godream.adapter.BeanAdapter: android.view.View getView(int,android.view.View,android.view.ViewGroup)
com.godream.adapter.BeanAdapter: void replaceData(java.util.Collection)
com.godream.adapter.BeanAdapter: void setData(java.util.List)
com.godream.adapter.BeanAdapter: void setSelection(int)
com.godream.adapter.FragmentViewPagerAdapter
com.godream.adapter.HomeViewPagerAdapter
com.godream.adapter.HtmlViewPagerAdapter
com.godream.adapter.TransPageAdapter
...
com.baidu.mapapi.map.TransitOverlay$a
com.baidu.mapapi.map.TransitOverlay$a: java.lang.String a
com.baidu.mapapi.map.TransitOverlay$a: com.baidu.platform.comapi.basestruct.GeoPoint b
com.baidu.mapapi.map.TransitOverlay$a: int c
com.baidu.mapapi.map.TransitOverlay$a: com.baidu.mapapi.map.TransitOverlay d
com.baidu.mapapi.map.TransitOverlay$a: TransitOverlay$a(com.baidu.mapapi.map.TransitOverlay)
com.baidu.mapapi.map.TransitOverlay$a: TransitOverlay$a(com.baidu.mapapi.map.TransitOverlay,com.baidu.mapapi.map.TransitOverlay$1)
com.baidu.mapapi.map.a
com.baidu.mapapi.map.a: com.baidu.mapapi.map.MKOfflineMapListener a
com.baidu.mapapi.map.a: a(com.baidu.mapapi.map.MKOfflineMapListener)
com.baidu.mapapi.map.a: void a(com.baidu.mapapi.map.MKEvent)
com.baidu.mapapi.map.b
com.baidu.mapapi.map.b: com.baidu.mapapi.map.MapView a
com.baidu.mapapi.map.b: b(com.baidu.mapapi.map.MapView)
com.baidu.mapapi.map.b: void onClick(android.view.View)
com.baidu.mapapi.map.c
com.baidu.mapapi.map.c: com.baidu.mapapi.map.MapView a
com.baidu.mapapi.map.c: c(com.baidu.mapapi.map.MapView)
com.baidu.mapapi.map.c: void onClick(android.view.View)
com.baidu.mapapi.map.d
com.baidu.mapapi.map.d: com.baidu.mapapi.map.MapView a
com.baidu.mapapi.map.d: d(com.baidu.mapapi.map.MapView)
com.baidu.mapapi.map.d: void a()
com.baidu.mapapi.map.d: void b()
com.baidu.mapapi.map.d: void a(java.util.List,int)
com.baidu.mapapi.map.d: void a(int)
com.baidu.mapapi.map.d: void b(java.util.List,int)
com.baidu.mapapi.map.d: void c(java.util.List,int)
com.baidu.mapapi.map.d: void a(java.util.List)
com.baidu.mapapi.map.d: void b(java.util.List)
com.baidu.mapapi.map.d: void a(int,com.baidu.platform.comapi.basestruct.GeoPoint,int)
com.baidu.mapapi.map.d: void c()
com.baidu.mapapi.map.d: void a(int,int)
com.baidu.mapapi.map.d: void b(int,int)
com.baidu.mapapi.map.d: void c(int,int)
com.baidu.mapapi.map.d: void a(com.baidu.platform.comapi.map.t)
com.baidu.mapapi.map.e
com.baidu.mapapi.map.e: com.baidu.mapapi.map.MapView a
com.baidu.mapapi.map.e: e(com.baidu.mapapi.map.MapView)
com.baidu.mapapi.map.e: void a(boolean)
com.baidu.mapapi.navi.BaiduMapAppNotSupportNaviException
com.baidu.mapapi.navi.BaiduMapAppNotSupportNaviException: BaiduMapAppNotSupportNaviException()
com.baidu.mapapi.navi.BaiduMapAppNotSupportNaviException: BaiduMapAppNotSupportNaviException(java.lang.String)
com.baidu.mapapi.navi.BaiduMapNavigation
com.baidu.mapapi.navi.BaiduMapNavigation: BaiduMapNavigation()
com.baidu.mapapi.navi.BaiduMapNavigation: int a(android.content.Context)
com.baidu.mapapi.navi.BaiduMapNavigation: void openBaiduMapNavi(com.baidu.mapapi.navi.NaviPara,android.app.Activity)
com.baidu.mapapi.navi.BaiduMapNavigation: java.lang.String a(com.baidu.mapapi.navi.NaviPara)
com.baidu.mapapi.navi.BaiduMapNavigation: void GetLatestBaiduMapApp(android.app.Activity)
com.baidu.mapapi.navi.IllegalNaviArgumentException
com.baidu.mapapi.navi.IllegalNaviArgumentException: IllegalNaviArgumentException()
com.baidu.mapapi.navi.IllegalNaviArgumentException: IllegalNaviArgumentException(java.lang.String)
com.baidu.mapapi.navi.NaviPara
com.baidu.mapapi.navi.NaviPara: com.baidu.platform.comapi.basestruct.GeoPoint startPoint
com.baidu.mapapi.navi.NaviPara: java.lang.String startName
com.baidu.mapapi.navi.NaviPara: com.baidu.platform.comapi.basestruct.GeoPoint endPoint
com.baidu.mapapi.navi.NaviPara: java.lang.String endName
com.baidu.mapapi.navi.NaviPara: NaviPara()