proguard/mapping.txt
com.godream.B2C_CatActivity -> com.godream.B2C_CatActivity:
    android.widget.ListView mCommList -> a
    android.widget.ListView mCat2List -> b
    android.widget.ListView mCat3List -> c
    android.widget.LinearLayout mCatList_ll -> d
    android.widget.LinearLayout linear_listview3 -> e
    com.godream.adapter.B2C_Comm_Adapter b2c_comm_adapter -> f
    com.godream.adapter.B2C_Cat2_Adapter b2c_cat2_adapter -> g
    com.godream.adapter.B2C_Cat3_Adapter b2c_cat3_adapter -> h
    java.util.List commList -> i
    java.util.List cat2List -> j
    java.util.List cat3List -> k
    void onCreate(android.os.Bundle) -> onCreate
    void setCat2Adapter$61fb9e66() -> a
    void setCat3Adapter$61fb9e66() -> b
    android.widget.LinearLayout access$0(com.godream.B2C_CatActivity) -> a
    com.godream.adapter.B2C_Comm_Adapter access$1(com.godream.B2C_CatActivity) -> b
    android.widget.LinearLayout access$2(com.godream.B2C_CatActivity) -> c
    android.widget.ListView access$3(com.godream.B2C_CatActivity) -> d
    java.util.List access$4(com.godream.B2C_CatActivity) -> e
    void access$5(com.godream.B2C_CatActivity,java.util.List) -> a
    java.util.List access$6(com.godream.B2C_CatActivity) -> f
    void access$7$197707ba(com.godream.B2C_CatActivity) -> g
    android.widget.ListView access$8(com.godream.B2C_CatActivity) -> h
    android.view.animation.Animation access$9(com.godream.B2C_CatActivity,android.view.View) -> a
com.godream.B2C_CatActivity$1 -> com.godream.a:
    com.godream.B2C_CatActivity this$0 -> a
    void onItemClick(android.widget.AdapterView,android.view.View,int,long) -> onItemClick
com.godream.B2C_CatActivity$2 -> com.godream.b:
    com.godream.B2C_CatActivity this$0 -> a
    void onItemClick(android.widget.AdapterView,android.view.View,int,long) -> onItemClick
com.godream.HtmlViewActivity -> com.godream.HtmlViewActivity:
    android.support.v4.view.ViewPager mHtmlViewPager -> b
    android.widget.RelativeLayout topicBackButtonLayout -> c
    android.widget.ImageView topicBackButton -> d
    android.widget.TextView topicTitleText -> e
    android.widget.RelativeLayout topicShareButtonLayout -> f
    android.widget.ImageView topicShareButton -> g
    java.util.List viewList -> h
    java.util.List urlList -> i
    java.util.List titleList -> j
    android.view.LayoutInflater inflater -> k
    java.lang.String url1 -> l
    int curPage -> m
    void onCreate(android.os.Bundle) -> onCreate
    void onPageScrollStateChanged(int) -> onPageScrollStateChanged
    void onPageScrolled(int,float,int) -> onPageScrolled
    void onPageSelected(int) -> onPageSelected
    void onClick(android.view.View) -> onClick
com.godream.LandscapeListActivity -> com.godream.LandscapeListActivity:
    android.widget.ListView mLandscapeList -> b
    java.util.List list -> c
    com.godream.adapter.LandscapeListAdapter adapter -> d
    android.widget.TextView mTopCenterTxt -> e
    void onCreate(android.os.Bundle) -> onCreate
    com.godream.adapter.LandscapeListAdapter access$0(com.godream.LandscapeListActivity) -> a
com.godream.LandscapeListActivity$1 -> com.godream.c:
    com.godream.LandscapeListActivity this$0 -> a
    void onScrollStateChanged(android.widget.AbsListView,int) -> onScrollStateChanged
    void onScroll(android.widget.AbsListView,int,int,int) -> onScroll
...
com.baidu.mapapi.utils.e -> com.baidu.mapapi.utils.e:
    boolean accept(java.io.File,java.lang.String) -> accept
com.baidu.mapapi.utils.f -> com.baidu.mapapi.utils.f:
    double[] a -> a
    double[] b -> b
    double[][] c -> c
    double[][] d -> d
    com.baidu.mapapi.utils.f$a a(com.baidu.mapapi.utils.f$a,double[]) -> a
    com.baidu.platform.comapi.basestruct.GeoPoint a(com.baidu.platform.comapi.basestruct.GeoPoint) -> a
    com.baidu.platform.comapi.basestruct.GeoPoint b(com.baidu.platform.comapi.basestruct.GeoPoint) -> b
    int a(com.baidu.platform.comapi.basestruct.GeoPoint,int) -> a
com.baidu.mapapi.utils.f$a -> com.baidu.mapapi.utils.f$a:
    double a -> a
    double b -> b
com.baidu.mapapi.utils.g -> com.baidu.mapapi.utils.g:
    javax.net.ssl.SSLContext a -> a
    java.net.Socket createSocket(java.net.Socket,java.lang.String,int,boolean) -> createSocket
    java.net.Socket createSocket() -> createSocket
com.baidu.mapapi.utils.h -> com.baidu.mapapi.utils.h:
    com.baidu.mapapi.utils.g a -> a
    void checkClientTrusted(java.security.cert.X509Certificate[],java.lang.String) -> checkClientTrusted
    void checkServerTrusted(java.security.cert.X509Certificate[],java.lang.String) -> checkServerTrusted
    java.security.cert.X509Certificate[] getAcceptedIssuers() -> getAcceptedIssuers
com.baidu.mapapi.utils.i -> com.baidu.mapapi.utils.i:
    com.baidu.mapapi.map.MKOLSearchRecord a(com.baidu.platform.comapi.map.g) -> a
    com.baidu.mapapi.map.MKOLUpdateElement a(com.baidu.platform.comapi.map.j) -> a
com.baidu.mapapi.utils.j -> com.baidu.mapapi.utils.j:
    java.lang.String e -> e
    java.util.ArrayList f -> f
    java.util.ArrayList g -> g
    java.lang.String[] a -> a
    java.lang.String[] b -> b
    java.lang.String[] c -> c
    int d -> d
    void a(android.content.Context) -> a
    void a() -> a
    void b() -> b
    void c() -> c
    void d() -> d
    void b(android.content.Context) -> b
    java.lang.String a(java.lang.String) -> a
    boolean c(android.content.Context) -> c
com.baidu.platform.comapi.a -> com.baidu.platform.comapi.a:
    boolean a -> a
    boolean a(android.content.Context) -> a
    boolean a() -> a
    boolean b() -> b
    void c() -> c
com.baidu.platform.comapi.a.a -> com.baidu.platform.comapi.a.a:
    com.baidu.platform.comapi.a.a a -> a
    com.baidu.platform.comjni.base.location.a b -> b
    com.baidu.platform.comapi.a.a a() -> a
    boolean b() -> b
    com.baidu.platform.comapi.basestruct.c a(float,float,java.lang.String) -> a
com.baidu.platform.comapi.b.a -> com.baidu.platform.comapi.b.a:
    void a(java.lang.String,int) -> a
com.baidu.platform.comapi.b.b -> com.baidu.platform.comapi.b.b:
    int a -> a
    com.baidu.platform.comapi.basestruct.c b -> b
    java.lang.String c -> c
    java.lang.String d -> d
com.baidu.platform.comapi.b.c -> com.baidu.platform.comapi.b.c:
    void a(java.lang.String) -> a
    void b(java.lang.String) -> b
    void c(java.lang.String) -> c
    void d(java.lang.String) -> d
    void e(java.lang.String) -> e
    void f(java.lang.String) -> f
    void g(java.lang.String) -> g
    void h(java.lang.String) -> h
    void i(java.lang.String) -> i
    void j(java.lang.String) -> j
    void k(java.lang.String) -> k
    void l(java.lang.String) -> l
    void m(java.lang.String) -> m
    void n(java.lang.String) -> n
    void o(java.lang.String) -> o
    void a(int) -> a
com.baidu.platform.comapi.b.d -> com.baidu.platform.comapi.b.d:
    com.baidu.platform.comapi.b.c a -> a
    com.baidu.platform.comapi.b.a b -> b
    com.baidu.platform.comapi.b.e c -> c
    void a(com.baidu.platform.comapi.b.c) -> a
    void a() -> a
    void a(com.baidu.platform.comapi.b.e) -> a
    void a(android.os.Message) -> a