proguard/usage.txt
com.godream.B2C_CatActivity:
    109:115:private android.view.animation.Animation getTransSet(android.view.View)
com.godream.BuildConfig
com.godream.HtmlViewActivity:
    118:125:public java.util.List getShareTargets()
com.godream.MainActivity:
    private android.widget.ListView mMenuListView
    229:229:public void onPageScrollStateChanged(int)
    234:234:public void onPageScrolled(int,float,int)
com.godream.MainApplication:
    public static final java.lang.String strKey
com.godream.Manifest
com.godream.Manifest$permission
com.godream.NewUserGuiderActivity:
    private android.widget.LinearLayout newUserGuideLayout
    23:26:public static void open(android.content.Context)
com.godream.R:
    10:10:public R()
com.godream.R$anim
com.godream.R$attr
com.godream.R$color
com.godream.R$dimen
com.godream.R$drawable
com.godream.R$id
com.godream.R$layout
com.godream.R$menu
com.godream.R$string
com.godream.R$style
com.godream.R$styleable:
    public static final int SlidingMenu_behindOffset
    public static final int SlidingMenu_behindScrollScale
    public static final int SlidingMenu_behindWidth
    public static final int SlidingMenu_fadeDegree
    public static final int SlidingMenu_fadeEnabled
    public static final int SlidingMenu_mode
    public static final int SlidingMenu_selectorDrawable
    public static final int SlidingMenu_selectorEnabled
    public static final int SlidingMenu_shadowDrawable
    public static final int SlidingMenu_shadowWidth
    public static final int SlidingMenu_touchModeAbove
    public static final int SlidingMenu_touchModeBehind
    public static final int SlidingMenu_viewAbove
    public static final int SlidingMenu_viewBehind
    public static final int finger_backcolor
    public static final int finger_height
    public static final int finger_image
    public static final int finger_image_x
    public static final int finger_image_y
    public static final int finger_text
    public static final int finger_textColor
    public static final int finger_textSize
    public static final int finger_text_x
    public static final int finger_text_y
    903:903:public R$styleable()
com.godream.RouteMapActivity:
    385:386:private void hiddenPopupview()
    830:839:private void applyRotation(boolean,float,float)
    112:112:static synthetic android.view.ViewGroup access$19(com.godream.RouteMapActivity)
    115:115:static synthetic android.widget.RelativeLayout access$20(com.godream.RouteMapActivity)
    120:120:static synthetic android.widget.RelativeLayout access$21(com.godream.RouteMapActivity)
com.godream.RouteMapActivity$DisplayNextView
com.godream.RouteMapActivity$SwapViews
com.godream.SuperActivity:
    public static final java.lang.String TAG
com.godream.adapter.B2C_Cat3_Adapter$ViewHolder:
    android.widget.ImageView imageArrow
com.godream.adapter.B2C_Comm_Adapter$ViewHolder:
    android.widget.RelativeLayout rl_menu_one
    android.widget.RelativeLayout itemParent
com.godream.adapter.DrivingRouteAdapter:
    private android.content.Context ctx
com.godream.adapter.FragmentViewPagerAdapter:
    98:98:public int getCurrentPagerIndex()
    102:102:public com.godream.listener.ViewPagerSelectListener getListener()
com.godream.adapter.TransitRouteAdapter:
    private android.content.Context ctx
com.godream.adapter.WalkingRouteAdapter:
    private android.content.Context ctx
com.godream.bean.B2C_Cat2_Bean:
    58:59:public void setId(java.lang.String)
    67:68:public void setParentId(java.lang.String)
    75:76:public void setCatName(java.lang.String)
com.godream.bean.B2C_Cat3_Bean:
    99:100:public void setParent_id(java.lang.String)
    104:104:public java.lang.String getId()
    109:110:public void setId(java.lang.String)
    117:118:public void setCatName(java.lang.String)
...
com.slidingmenu.lib.CanvasTransformerBuilder$4
com.slidingmenu.lib.CanvasTransformerBuilder$5
com.slidingmenu.lib.CanvasTransformerBuilder$6
com.slidingmenu.lib.CustomViewAbove:
    private static final java.lang.String TAG
    private static final boolean DEBUG
    private static final boolean USE_CACHE
    private static final int MAX_SETTLE_DURATION
    private static final int MIN_DISTANCE_FOR_FLING
    private static final int INVALID_POINTER
    263:264:public void setOnOpenedListener(com.slidingmenu.lib.SlidingMenu$OnOpenedListener)
    267:268:public void setOnClosedListener(com.slidingmenu.lib.SlidingMenu$OnClosedListener)
    283:286:public void addIgnoredView(android.view.View)
    289:290:public void removeIgnoredView(android.view.View)
    293:294:public void clearIgnoredViews()
    326:326:public int getContentLeft()
    351:357:public int getChildWidth(int)
    362:362:public boolean isSlidingEnabled()
    366:367:public void setSlidingEnabled(boolean)
    376:377:void smoothScrollTo(int,int)
    482:484:public void setAboveOffset(int)
    572:572:public int getTouchMode()
    901:918:protected boolean canScroll(android.view.View,boolean,int,int,int)
com.slidingmenu.lib.CustomViewAbove$SimpleOnPageChangeListener:
    147:147:public void onPageScrollStateChanged(int)
com.slidingmenu.lib.CustomViewBehind:
    private static final java.lang.String TAG
    private static final int MARGIN_THRESHOLD
    50:51:public void setCanvasTransformer(com.slidingmenu.lib.SlidingMenu$CanvasTransformer)
    78:82:public void setSecondaryContent(android.view.View)
    161:161:public int getMode()
    169:169:public float getScrollScale()
    178:180:public void setSecondaryShadowDrawable(android.graphics.drawable.Drawable)
    410:419:public void setSelectedView(android.view.View)
com.slidingmenu.lib.MenuInterface
com.slidingmenu.lib.SlidingMenu:
    private static final java.lang.String TAG
    public static final int SLIDING_WINDOW
    public static final int SLIDING_CONTENT
    public static final int TOUCHMODE_MARGIN
    public static final int TOUCHMODE_FULLSCREEN
    public static final int TOUCHMODE_NONE
    public static final int LEFT
    public static final int RIGHT
    public static final int LEFT_RIGHT
    398:399:public void setSecondaryMenu(int)
    407:409:public void setSecondaryMenu(android.view.View)
    426:427:public void setSlidingEnabled(boolean)
    435:435:public boolean isSlidingEnabled()
    454:454:public int getMode()
    463:474:public void setStatic(boolean)
    497:498:public void showSecondaryMenu()
    530:531:public void toggle()
    539:544:public void toggle(boolean)
    570:570:public int getBehindOffset()
    594:596:public void setBehindOffsetRes(int)
    604:605:public void setAboveOffset(int)
    613:615:public void setAboveOffsetRes(int)
    647:649:public void setBehindWidthRes(int)
    657:657:public float getBehindScrollScale()
    678:679:public void setBehindCanvasTransformer(com.slidingmenu.lib.SlidingMenu$CanvasTransformer)
    687:687:public int getTouchModeAbove()
    746:747:public void setSecondaryShadowDrawable(int)
    755:756:public void setSecondaryShadowDrawable(android.graphics.drawable.Drawable)
    764:765:public void setShadowWidthRes(int)
    810:811:public void setSelectedView(android.view.View)
com.slidingmenu.lib.SlidingMenu$1:
    public static final int POSITION_OPEN
    public static final int POSITION_CLOSE
com.slidingmenu.lib.app.SlidingActivity:
    83:84:public void setBehindContentView(int)
    111:112:public void toggle()
    118:119:public void showContent()
    125:126:public void showMenu()
    132:133:public void showSecondaryMenu()
    139:140:public void setSlidingActionBarEnabled(boolean)
com.slidingmenu.lib.app.SlidingActivityBase